# JRE version: OpenJDK Runtime Environment (11.0.11+9) (build 11.0.11+9-b60-7590822)
# Java VM: OpenJDK 64-Bit Server VM (11.0.11+9-b60-7590822, mixed mode, tiered, compressed oops, g1 gc, windows-amd64)
Heap:
 garbage-first heap   total 233472K, used 59461K [0x0000000742600000, 0x0000000800000000)
  region size 1024K, 15 young (15360K), 10 survivors (10240K)
 Metaspace       used 68678K, capacity 69482K, committed 69588K, reserved 1112064K
  class space    used 7596K, capacity 7916K, committed 7936K, reserved 1048576K
GC Heap History (16 events):
Event: 0.537 GC heap before
{Heap before GC invocations=0 (full 0):
 garbage-first heap   total 194560K, used 27648K [0x0000000742600000, 0x0000000800000000)
  region size 1024K, 24 young (24576K), 0 survivors (0K)
 Metaspace       used 12333K, capacity 12501K, committed 12800K, reserved 1060864K
  class space    used 1163K, capacity 1206K, committed 1280K, reserved 1048576K
}
Event: 0.540 GC heap after
{Heap after GC invocations=1 (full 0):
 garbage-first heap   total 194560K, used 5770K [0x0000000742600000, 0x0000000800000000)
  region size 1024K, 3 young (3072K), 3 survivors (3072K)
 Metaspace       used 12333K, capacity 12501K, committed 12800K, reserved 1060864K
  class space    used 1163K, capacity 1206K, committed 1280K, reserved 1048576K
}
Event: 1.103 GC heap before
{Heap before GC invocations=1 (full 0):
 garbage-first heap   total 194560K, used 40586K [0x0000000742600000, 0x0000000800000000)
  region size 1024K, 38 young (38912K), 3 survivors (3072K)
 Metaspace       used 20870K, capacity 21087K, committed 21296K, reserved 1069056K
  class space    used 2217K, capacity 2312K, committed 2432K, reserved 1048576K
}
Event: 1.115 GC heap after
{Heap after GC invocations=2 (full 0):
 garbage-first heap   total 194560K, used 9126K [0x0000000742600000, 0x0000000800000000)
  region size 1024K, 6 young (6144K), 6 survivors (6144K)
 Metaspace       used 20870K, capacity 21087K, committed 21296K, reserved 1069056K
  class space    used 2217K, capacity 2312K, committed 2432K, reserved 1048576K
}
Event: 2.023 GC heap before
{Heap before GC invocations=3 (full 0):
 garbage-first heap   total 194560K, used 63398K [0x0000000742600000, 0x0000000800000000)
  region size 1024K, 54 young (55296K), 6 survivors (6144K)
 Metaspace       used 32567K, capacity 32976K, committed 33200K, reserved 1079296K
  class space    used 4079K, capacity 4245K, committed 4352K, reserved 1048576K
}
Event: 2.037 GC heap after
{Heap after GC invocations=4 (full 0):
 garbage-first heap   total 194560K, used 20478K [0x0000000742600000, 0x0000000800000000)
  region size 1024K, 7 young (7168K), 7 survivors (7168K)
 Metaspace       used 32567K, capacity 32976K, committed 33200K, reserved 1079296K
  class space    used 4079K, capacity 4245K, committed 4352K, reserved 1048576K
}
Event: 2.244 GC heap before
{Heap before GC invocations=4 (full 0):
 garbage-first heap   total 194560K, used 33790K [0x0000000742600000, 0x0000000800000000)
  region size 1024K, 21 young (21504K), 7 survivors (7168K)
 Metaspace       used 35379K, capacity 35825K, committed 35920K, reserved 1081344K
  class space    used 4385K, capacity 4575K, committed 4608K, reserved 1048576K
}
Event: 2.253 GC heap after
{Heap after GC invocations=5 (full 0):
 garbage-first heap   total 194560K, used 22560K [0x0000000742600000, 0x0000000800000000)
  region size 1024K, 2 young (2048K), 2 survivors (2048K)
 Metaspace       used 35379K, capacity 35825K, committed 35920K, reserved 1081344K
  class space    used 4385K, capacity 4575K, committed 4608K, reserved 1048576K
}
Event: 3.354 GC heap before
{Heap before GC invocations=6 (full 0):
 garbage-first heap   total 194560K, used 79904K [0x0000000742600000, 0x0000000800000000)
  region size 1024K, 58 young (59392K), 2 survivors (2048K)
 Metaspace       used 47384K, capacity 47931K, committed 48208K, reserved 1091584K
  class space    used 5606K, capacity 5810K, committed 5888K, reserved 1048576K
}
Event: 3.362 GC heap after
{Heap after GC invocations=7 (full 0):
 garbage-first heap   total 233472K, used 27753K [0x0000000742600000, 0x0000000800000000)
  region size 1024K, 7 young (7168K), 7 survivors (7168K)
 Metaspace       used 47384K, capacity 47931K, committed 48208K, reserved 1091584K
  class space    used 5606K, capacity 5810K, committed 5888K, reserved 1048576K
}
Event: 4.553 GC heap before
{Heap before GC invocations=7 (full 0):
 garbage-first heap   total 233472K, used 109673K [0x0000000742600000, 0x0000000800000000)
  region size 1024K, 86 young (88064K), 7 survivors (7168K)
 Metaspace       used 55627K, capacity 56306K, committed 56528K, reserved 1099776K
  class space    used 6432K, capacity 6707K, committed 6784K, reserved 1048576K
}
Event: 4.566 GC heap after
{Heap after GC invocations=8 (full 0):
 garbage-first heap   total 233472K, used 36049K [0x0000000742600000, 0x0000000800000000)
  region size 1024K, 11 young (11264K), 11 survivors (11264K)
 Metaspace       used 55627K, capacity 56306K, committed 56528K, reserved 1099776K
  class space    used 6432K, capacity 6707K, committed 6784K, reserved 1048576K
}
Event: 5.726 GC heap before
{Heap before GC invocations=8 (full 0):
 garbage-first heap   total 233472K, used 103633K [0x0000000742600000, 0x0000000800000000)
  region size 1024K, 78 young (79872K), 11 survivors (11264K)
 Metaspace       used 59383K, capacity 60132K, committed 60240K, reserved 1101824K
  class space    used 6800K, capacity 7105K, committed 7168K, reserved 1048576K
}
Event: 5.767 GC heap after
{Heap after GC invocations=9 (full 0):
 garbage-first heap   total 233472K, used 45954K [0x0000000742600000, 0x0000000800000000)
  region size 1024K, 10 young (10240K), 10 survivors (10240K)
 Metaspace       used 59383K, capacity 60132K, committed 60240K, reserved 1101824K
  class space    used 6800K, capacity 7105K, committed 7168K, reserved 1048576K
}
Event: 8.481 GC heap before
{Heap before GC invocations=10 (full 0):
 garbage-first heap   total 233472K, used 134018K [0x0000000742600000, 0x0000000800000000)
  region size 1024K, 96 young (98304K), 10 survivors (10240K)
 Metaspace       used 68629K, capacity 69482K, committed 69588K, reserved 1112064K
  class space    used 7592K, capacity 7916K, committed 7936K, reserved 1048576K
}
Event: 8.504 GC heap after
{Heap after GC invocations=11 (full 0):
 garbage-first heap   total 233472K, used 55365K [0x0000000742600000, 0x0000000800000000)
  region size 1024K, 10 young (10240K), 10 survivors (10240K)
 Metaspace       used 68629K, capacity 69482K, committed 69588K, reserved 1112064K
  class space    used 7592K, capacity 7916K, committed 7936K, reserved 1048576K
}

